<?xml version="1.0" encoding="UTF-8"?>
<!-- Generated by org.testng.reporters.JUnitReportReporter -->
<testsuite hostname="LAPTOP-3RDL8CEQ" failures="0" tests="1" name="testCases.ExecuteTestZalenium" time="12.230" errors="0" timestamp="21 Oct 2021 22:00:48 GMT">
  <testcase classname="testCases.ExecuteTestZalenium" name="test" time="12.230"/>
</testsuite> <!-- testCases.ExecuteTestZalenium -->
