<?xml version="1.0" encoding="UTF-8"?>
<!-- Generated by org.testng.reporters.JUnitReportReporter -->
<testsuite hostname="LAPTOP-3RDL8CEQ" failures="0" tests="1" name="testCases.ExecuteTestZaliniumChrome" time="13.265" errors="0" timestamp="21 Oct 2021 22:00:48 GMT">
  <testcase classname="testCases.ExecuteTestZaliniumChrome" name="test" time="13.265"/>
</testsuite> <!-- testCases.ExecuteTestZaliniumChrome -->
